<?xml version="1.0" encoding="UTF-8"?>
<!-- Generated by org.testng.reporters.JUnitReportReporter -->
<testsuite hostname="DESKTOP-U33VJRC" failures="0" tests="3" name="com.Epsomdoms.WelcomTest.VerifyWelcomePageTest" time="12.587" errors="0" timestamp="2024-11-06T10:15:26 IST" skipped="0">
  <testcase classname="com.Epsomdoms.WelcomTest.VerifyWelcomePageTest" name="verifyWelcomePageWithValidInput" time="4.504"/>
  <system-out/>
  <testcase classname="com.Epsomdoms.WelcomTest.VerifyWelcomePageTest" name="verifyWelcomePageWithInValidInput" time="4.115"/>
  <system-out/>
  <testcase classname="com.Epsomdoms.WelcomTest.VerifyWelcomePageTest" name="verifyWelcomePageWithInValidInput" time="3.968"/>
  <system-out/>
</testsuite> <!-- com.Epsomdoms.WelcomTest.VerifyWelcomePageTest -->
