<?xml version="1.0" encoding="UTF-8"?>
<!-- Generated by org.testng.reporters.JUnitReportReporter -->
<testsuite hostname="DESKTOP-U33VJRC" failures="0" tests="5" name="Demo.DemoTest" time="0.536" errors="0" timestamp="2024-11-05T09:31:02 IST" skipped="0">
  <testcase classname="Demo.DemoTest" name="DemoTest2" time="0.010"/>
  <system-out/>
  <testcase classname="Demo.DemoTest" name="DemoTest5" time="0.001"/>
  <system-out/>
  <testcase classname="Demo.DemoTest" name="DemoTest4" time="0.001"/>
  <system-out/>
  <testcase classname="Demo.DemoTest" name="demoTest" time="0.523"/>
  <system-out/>
  <testcase classname="Demo.DemoTest" name="DemoTest3" time="0.001"/>
  <system-out/>
</testsuite> <!-- Demo.DemoTest -->
