<?xml version="1.0" encoding="UTF-8"?>
<!-- Generated by org.testng.reporters.JUnitReportReporter -->
<testsuite hostname="DESKTOP-U33VJRC" failures="0" tests="3" name="com.Epsomdoms.WelcomTest.VerifyWelcomePageTest" time="12.238" errors="0" timestamp="2024-11-06T10:07:22 IST" skipped="0">
  <testcase classname="com.Epsomdoms.WelcomTest.VerifyWelcomePageTest" name="verifyWelcomePageWithValidInput" time="4.333"/>
  <system-out/>
  <testcase classname="com.Epsomdoms.WelcomTest.VerifyWelcomePageTest" name="verifyWelcomePageWithInValidInput" time="3.928"/>
  <system-out/>
  <testcase classname="com.Epsomdoms.WelcomTest.VerifyWelcomePageTest" name="verifyWelcomePageWithInValidInput" time="3.977"/>
  <system-out/>
</testsuite> <!-- com.Epsomdoms.WelcomTest.VerifyWelcomePageTest -->
