<?xml version="1.0" encoding="UTF-8"?>
<!-- Generated by org.testng.reporters.JUnitReportReporter -->
<testsuite hostname="DESKTOP-U33VJRC" failures="0" tests="3" name="com.Epsomdoms.ProductTest.KidsProductTest" time="0.005" errors="0" timestamp="2024-10-28T15:33:06 IST" skipped="0">
  <testcase classname="com.Epsomdoms.ProductTest.KidsProductTest" name="addProduct" time="0.002"/>
  <system-out/>
  <testcase classname="com.Epsomdoms.ProductTest.KidsProductTest" name="removeProduct" time="0.002"/>
  <system-out/>
  <testcase classname="com.Epsomdoms.ProductTest.KidsProductTest" name="updateProduct" time="0.001"/>
  <system-out/>
</testsuite> <!-- com.Epsomdoms.ProductTest.KidsProductTest -->
