<?xml version="1.0" encoding="UTF-8"?>
<!-- Generated by org.testng.reporters.JUnitReportReporter -->
<testsuite hostname="DESKTOP-U33VJRC" failures="0" tests="3" name="com.Epsomdoms.ProductTest.WomensProductTest" time="0.016" errors="0" timestamp="2024-10-28T15:33:06 IST" skipped="0">
  <testcase classname="com.Epsomdoms.ProductTest.WomensProductTest" name="updateProduct" time="0.002"/>
  <system-out/>
  <testcase classname="com.Epsomdoms.ProductTest.WomensProductTest" name="removeProduct" time="0.001"/>
  <system-out/>
  <testcase classname="com.Epsomdoms.ProductTest.WomensProductTest" name="addProduct" time="0.013"/>
  <system-out/>
</testsuite> <!-- com.Epsomdoms.ProductTest.WomensProductTest -->
